<?xml version="1.0" encoding="UTF-8"?>
<testsuite name="BottleSongTest" tests="7" skipped="0" failures="0" errors="0" timestamp="2025-03-07T05:32:42.301Z" hostname="Matejs-MacBook-Air.local" time="0.028">
  <properties/>
  <testcase name="lastThreeVerses()" classname="BottleSongTest" time="0.023"/>
  <testcase name="lastGenericVerse()" classname="BottleSongTest" time="0.001"/>
  <testcase name="allVerses()" classname="BottleSongTest" time="0.001"/>
  <testcase name="verseWithOneBottle()" classname="BottleSongTest" time="0.001"/>
  <testcase name="verseWithTwoBottles()" classname="BottleSongTest" time="0.0"/>
  <testcase name="firstGenericVerse()" classname="BottleSongTest" time="0.0"/>
  <testcase name="firstTwoVerses()" classname="BottleSongTest" time="0.001"/>
  <system-out><![CDATA[]]></system-out>
  <system-err><![CDATA[]]></system-err>
</testsuite>
